<?xml version="1.0" encoding="UTF-8"?>
<testng-results ignored="0" total="3" passed="3" failed="0" skipped="0">
  <reporter-output>
  </reporter-output>
  <suite started-at="2023-08-23T20:02:00 IST" name="Suite" finished-at="2023-08-23T20:02:34 IST" duration-ms="34038">
    <groups>
    </groups>
    <test started-at="2023-08-23T20:02:00 IST" name="Test" finished-at="2023-08-23T20:02:34 IST" duration-ms="34038">
      <class name="MercurytoursTestscenerios.Mercury_TC2_Login">
        <test-method is-config="true" signature="name(java.lang.String)[pri:0, instance:MercurytoursTestscenerios.Mercury_TC2_Login@2b98b3bb]" started-at="2023-08-23T20:02:12 IST" name="name" finished-at="2023-08-23T20:02:13 IST" duration-ms="946" status="PASS">
          <params>
            <param index="0">
              <value>
                <![CDATA[firefox]]>
              </value>
            </param>
          </params>
          <reporter-output>
          </reporter-output>
        </test-method> <!-- name -->
        <test-method signature="Loginpage()[pri:0, instance:MercurytoursTestscenerios.Mercury_TC2_Login@2b98b3bb]" started-at="2023-08-23T20:02:13 IST" name="Loginpage" finished-at="2023-08-23T20:02:19 IST" duration-ms="6423" status="PASS">
          <reporter-output>
          </reporter-output>
        </test-method> <!-- Loginpage -->
      </class> <!-- MercurytoursTestscenerios.Mercury_TC2_Login -->
      <class name="MercurytoursTestscenerios.Mercury__TC1_register">
        <test-method is-config="true" signature="BeforeSuite()[pri:0, instance:MercurytoursTestscenerios.Mercury__TC1_register@6da9dc6]" started-at="2023-08-23T20:01:59 IST" name="BeforeSuite" finished-at="2023-08-23T20:02:00 IST" duration-ms="554" status="PASS">
          <reporter-output>
          </reporter-output>
        </test-method> <!-- BeforeSuite -->
        <test-method is-config="true" signature="name(java.lang.String)[pri:0, instance:MercurytoursTestscenerios.Mercury__TC1_register@6da9dc6]" started-at="2023-08-23T20:02:00 IST" name="name" finished-at="2023-08-23T20:02:06 IST" duration-ms="6098" status="PASS">
          <params>
            <param index="0">
              <value>
                <![CDATA[firefox]]>
              </value>
            </param>
          </params>
          <reporter-output>
          </reporter-output>
        </test-method> <!-- name -->
        <test-method signature="register()[pri:0, instance:MercurytoursTestscenerios.Mercury__TC1_register@6da9dc6]" started-at="2023-08-23T20:02:06 IST" name="register" finished-at="2023-08-23T20:02:12 IST" duration-ms="5745" status="PASS">
          <reporter-output>
          </reporter-output>
        </test-method> <!-- register -->
        <test-method is-config="true" signature="email()[pri:0, instance:MercurytoursTestscenerios.Mercury__TC1_register@6da9dc6]" started-at="2023-08-23T20:02:28 IST" name="email" finished-at="2023-08-23T20:02:34 IST" duration-ms="5965" status="PASS">
          <reporter-output>
          </reporter-output>
        </test-method> <!-- email -->
        <test-method is-config="true" signature="AfterSuite()[pri:0, instance:MercurytoursTestscenerios.Mercury__TC1_register@6da9dc6]" started-at="2023-08-23T20:02:34 IST" name="AfterSuite" finished-at="2023-08-23T20:02:40 IST" duration-ms="6022" status="PASS">
          <reporter-output>
          </reporter-output>
        </test-method> <!-- AfterSuite -->
      </class> <!-- MercurytoursTestscenerios.Mercury__TC1_register -->
      <class name="MercurytoursTestscenerios.Mercury_TC3_flightbooking">
        <test-method is-config="true" signature="name(java.lang.String)[pri:0, instance:MercurytoursTestscenerios.Mercury_TC3_flightbooking@3b95d13c]" started-at="2023-08-23T20:02:19 IST" name="name" finished-at="2023-08-23T20:02:20 IST" duration-ms="916" status="PASS">
          <params>
            <param index="0">
              <value>
                <![CDATA[firefox]]>
              </value>
            </param>
          </params>
          <reporter-output>
          </reporter-output>
        </test-method> <!-- name -->
        <test-method signature="flightbooking()[pri:0, instance:MercurytoursTestscenerios.Mercury_TC3_flightbooking@3b95d13c]" started-at="2023-08-23T20:02:20 IST" name="flightbooking" finished-at="2023-08-23T20:02:28 IST" duration-ms="7865" status="PASS">
          <reporter-output>
          </reporter-output>
        </test-method> <!-- flightbooking -->
      </class> <!-- MercurytoursTestscenerios.Mercury_TC3_flightbooking -->
    </test> <!-- Test -->
  </suite> <!-- Suite -->
</testng-results>
